c:\users\danai\desktop\azure kinect dk\1.1-azurekinectdk(body_tracking)\x64\debug\depthengine_2_0.dll
c:\users\danai\desktop\azure kinect dk\1.1-azurekinectdk(body_tracking)\x64\debug\k4a.dll
c:\users\danai\desktop\azure kinect dk\1.1-azurekinectdk(body_tracking)\x64\debug\k4arecord.dll
c:\users\danai\desktop\azure kinect dk\1.1-azurekinectdk(body_tracking)\x64\debug\k4a.pdb
c:\users\danai\desktop\azure kinect dk\1.1-azurekinectdk(body_tracking)\x64\debug\k4arecord.pdb
c:\users\danai\desktop\azure kinect dk\1.1-azurekinectdk(body_tracking)\x64\debug\cublas64_100.dll
c:\users\danai\desktop\azure kinect dk\1.1-azurekinectdk(body_tracking)\x64\debug\cudart64_100.dll
c:\users\danai\desktop\azure kinect dk\1.1-azurekinectdk(body_tracking)\x64\debug\vcomp140.dll
c:\users\danai\desktop\azure kinect dk\1.1-azurekinectdk(body_tracking)\x64\debug\cudnn64_7.dll
c:\users\danai\desktop\azure kinect dk\1.1-azurekinectdk(body_tracking)\x64\debug\k4abt.dll
c:\users\danai\desktop\azure kinect dk\1.1-azurekinectdk(body_tracking)\x64\debug\onnxruntime.dll
c:\users\danai\desktop\azure kinect dk\1.1-azurekinectdk(body_tracking)\x64\debug\vc142.pdb
c:\users\danai\desktop\azure kinect dk\1.1-azurekinectdk(body_tracking)\x64\debug\vc142.idb
c:\users\danai\desktop\azure kinect dk\1.1-azurekinectdk(body_tracking)\x64\debug\udpsocket.obj
c:\users\danai\desktop\azure kinect dk\1.1-azurekinectdk(body_tracking)\x64\debug\networkingutils.obj
c:\users\danai\desktop\azure kinect dk\1.1-azurekinectdk(body_tracking)\x64\debug\ipendpointname.obj
c:\users\danai\desktop\azure kinect dk\1.1-azurekinectdk(body_tracking)\x64\debug\1.1-azurekinectdk(body_tracking).obj
c:\users\danai\desktop\azure kinect dk\1.1-azurekinectdk(body_tracking)\x64\debug\1.1-azurekinectdk(body_tracking).pdb
c:\users\danai\desktop\azure kinect dk\1.1-azurekinectdk(body_tracking)\x64\debug\1.1-azur.496f6b3f.tlog\1.1-azurekinectdk(body_tracking).read.1u.tlog
c:\users\danai\desktop\azure kinect dk\1.1-azurekinectdk(body_tracking)\x64\debug\1.1-azur.496f6b3f.tlog\1.1-azurekinectdk(body_tracking).write.1u.tlog
c:\users\danai\desktop\azure kinect dk\1.1-azurekinectdk(body_tracking)\x64\debug\1.1-azur.496f6b3f.tlog\cl.command.1.tlog
c:\users\danai\desktop\azure kinect dk\1.1-azurekinectdk(body_tracking)\x64\debug\1.1-azur.496f6b3f.tlog\cl.read.1.tlog
c:\users\danai\desktop\azure kinect dk\1.1-azurekinectdk(body_tracking)\x64\debug\1.1-azur.496f6b3f.tlog\cl.write.1.tlog
c:\users\danai\desktop\azure kinect dk\1.1-azurekinectdk(body_tracking)\x64\debug\1.1-azur.496f6b3f.tlog\link-cvtres.read.1.tlog
c:\users\danai\desktop\azure kinect dk\1.1-azurekinectdk(body_tracking)\x64\debug\1.1-azur.496f6b3f.tlog\link-cvtres.write.1.tlog
c:\users\danai\desktop\azure kinect dk\1.1-azurekinectdk(body_tracking)\x64\debug\1.1-azur.496f6b3f.tlog\link-rc.read.1.tlog
c:\users\danai\desktop\azure kinect dk\1.1-azurekinectdk(body_tracking)\x64\debug\1.1-azur.496f6b3f.tlog\link-rc.write.1.tlog
c:\users\danai\desktop\azure kinect dk\1.1-azurekinectdk(body_tracking)\x64\debug\1.1-azur.496f6b3f.tlog\link.command.1.tlog
c:\users\danai\desktop\azure kinect dk\1.1-azurekinectdk(body_tracking)\x64\debug\1.1-azur.496f6b3f.tlog\link.read.1.tlog
c:\users\danai\desktop\azure kinect dk\1.1-azurekinectdk(body_tracking)\x64\debug\1.1-azur.496f6b3f.tlog\link.write.1.tlog
